<?xml version="1.0" encoding="UTF-8"?>
<!-- Generated by org.testng.reporters.JUnitReportReporter -->
<testsuite hostname="SM-PC0054" failures="0" tests="3" name="UserLogin.UserLogin" time="87.950" errors="0" timestamp="2020-05-20T00:30:53 IST" skipped="0">
  <testcase classname="UserLogin.UserLogin" name="Login" time="20.171"/>
  <system-out/>
  <testcase classname="UserLogin.UserLogin" name="purchase" time="62.746"/>
  <system-out/>
  <testcase classname="UserLogin.UserLogin" name="OrderHistory" time="5.033"/>
  <system-out/>
</testsuite> <!-- UserLogin.UserLogin -->
