<?xml version="1.0" encoding="UTF-8"?>
<!-- Generated by org.testng.reporters.JUnitReportReporter -->
<testsuite hostname="SM-PC0054" failures="0" tests="1" name="Shopping.CreateAccount" time="29.414" errors="0" timestamp="2020-05-13T22:32:59 IST" skipped="0">
  <testcase classname="Shopping.CreateAccount" name="basepagenavigation" time="29.414"/>
  <system-out/>
</testsuite> <!-- Shopping.CreateAccount -->
