<?xml version="1.0" encoding="UTF-8"?>
<!-- Generated by org.testng.reporters.JUnitReportReporter -->
<testsuite hostname="SM-PC0054" failures="0" tests="2" name="Purchase.ProductPurchase" time="19.504" errors="0" timestamp="2020-05-13T23:01:30 IST" skipped="0">
  <testcase classname="Purchase.ProductPurchase" name="Purchase" time="0.012"/>
  <system-out/>
  <testcase classname="Purchase.ProductPurchase" name="Login" time="19.492"/>
  <system-out/>
</testsuite> <!-- Purchase.ProductPurchase -->
